#
# A fatal error has been detected by the Java Runtime Environment:
#
#  SIGSEGV (0xb) at pc=0x000000010c4deb8a, pid=638, tid=24067
#
# JRE version: Java(TM) SE Runtime Environment (7.0_51-b13) (build 1.7.0_51-b13)
# Java VM: Java HotSpot(TM) 64-Bit Server VM (24.51-b03 mixed mode bsd-amd64 compressed oops)
# Problematic frame:
# j  controllers.MySecure.checkAccess()V+75
#
# Failed to write core dump. Core dumps have been disabled. To enable core dumping, try "ulimit -c unlimited" before starting Java again
#
# If you would like to submit a bug report, please visit:
#   http://bugreport.sun.com/bugreport/crash.jsp
#

---------------  T H R E A D  ---------------

Current thread (0x00007fb7c1ac3000):  JavaThread "play-thread-1" [_thread_in_Java, id=24067, stack(0x000000019cbb3000,0x000000019ccb3000)]

siginfo:si_signo=SIGSEGV: si_errno=0, si_code=1 (SEGV_MAPERR), si_addr=0x00000007bc4a6188

Registers:
RAX=0x000000010f63fc40, RBX=0x0000000000000001, RCX=0x000000010bec30e9, RDX=0x00000007bc4a6000
RSP=0x000000019ccb1b60, RBP=0x000000019ccb1bb8, RSI=0x000000019ccb1b18, RDI=0x000000010bec30e9
R8 =0x000000016b304260, R9 =0x000000002d660852, R10=0x000000010c21af00, R11=0x0000000193f85000
R12=0x0000000000000000, R13=0x0000000000000000, R14=0x000000019ccb1c18, R15=0x00007fb7c1ac3000
RIP=0x000000010c4deb8a, EFLAGS=0x0000000000010246, ERR=0x0000000000000004
  TRAPNO=0x000000000000000e

Top of Stack: (sp=0x000000019ccb1b60)
0x000000019ccb1b60:   000000010c4bc961 0000000115e3a288
0x000000019ccb1b70:   000000010bec30e9 000000019ccb1b78
0x000000019ccb1b80:   0000000111afdf9b 000000019ccb1c18
0x000000019ccb1b90:   0000000111aff308 0000000000000000
0x000000019ccb1ba0:   0000000111afe0e8 0000000000000000
0x000000019ccb1bb0:   000000019ccb1c20 000000019ccb1c80
0x000000019ccb1bc0:   000000010c4b64e7 0000000000000000
0x000000019ccb1bd0:   0000000000000000 0000000000000000
0x000000019ccb1be0:   000000016b2fccb0 000000016b2fed18
0x000000019ccb1bf0:   000000016b2fed18 0000000000000000
0x000000019ccb1c00:   0000000000000000 0000000000000000
0x000000019ccb1c10:   000000010bec30e9 0000000000000000
0x000000019ccb1c20:   0000000100001fa0 0000000000000000
0x000000019ccb1c30:   00007fb7c1ac3000 000000010c4b645f
0x000000019ccb1c40:   000000000000000a 00007fb7c050ac28
0x000000019ccb1c50:   000000019ccb1d00 000000019ccb1fc0
0x000000019ccb1c60:   000000000000000a 0000000111afe0e8
0x000000019ccb1c70:   000000010c4cb240 000000019ccb1fd0
0x000000019ccb1c80:   000000019ccb1d70 000000010bcd6bb0
0x000000019ccb1c90:   0000000100000000 00007fb7c1ac3000
0x000000019ccb1ca0:   000000019ccb1cc0 000000019ccb1fc0
0x000000019ccb1cb0:   000000019ccb2400 000000010c4cb240
0x000000019ccb1cc0:   000000019ccb1fc8 00007fb7c1ac3000
0x000000019ccb1cd0:   00007fb7c075d530 00007fb7c050abd0
0x000000019ccb1ce0:   00007fb7c050ac30 00007fb7c050afb8
0x000000019ccb1cf0:   00000000000003d8 000000019ccb2ad8
0x000000019ccb1d00:   00007fb7c1ac3000 00007fb7c075f640
0x000000019ccb1d10:   0000000111afe0e8 0000000000000000
0x000000019ccb1d20:   000000019ccb2180 000000010c4ce48d
0x000000019ccb1d30:   000000019ccb21d8 000000019ccb1fb8
0x000000019ccb1d40:   000000010c4cb240 00007fb7c1ac3000
0x000000019ccb1d50:   00007fb7c050ac20 00007fb7c050ac20 

Instructions: (pc=0x000000010c4deb8a)
0x000000010c4deb6a:   49 83 5d 28 00 e9 0e 00 00 00 49 89 55 10 41 be
0x000000010c4deb7a:   01 00 00 00 4d 89 75 18 49 83 c5 30 4c 89 6d e0
0x000000010c4deb8a:   44 8b aa 88 01 00 00 4e 8d ac ea f0 01 00 00 48
0x000000010c4deb9a:   8d 14 da 49 8b 5d 00 48 3b c3 74 16 48 85 db 0f 

Register to memory mapping:

RAX=0x000000010f63fc40 is an oop
{instance class} 
 - klass: {other class}
RBX=0x0000000000000001 is an unknown value
RCX=0x000000010bec30e9: _ZN16SystemDictionary30resolve_instance_class_or_nullEP6Symbol6HandleS2_P6Thread+0xb5 in /Library/Java/JavaVirtualMachines/jdk1.7.0_51.jdk/Contents/Home/jre/lib/server/libjvm.dylib at 0x000000010ba00000
RDX=0x00000007bc4a6000 is an unknown value
RSP=0x000000019ccb1b60 is pointing into the stack for thread: 0x00007fb7c1ac3000
RBP=0x000000019ccb1bb8 is pointing into the stack for thread: 0x00007fb7c1ac3000
RSI=0x000000019ccb1b18 is pointing into the stack for thread: 0x00007fb7c1ac3000
RDI=0x000000010bec30e9: _ZN16SystemDictionary30resolve_instance_class_or_nullEP6Symbol6HandleS2_P6Thread+0xb5 in /Library/Java/JavaVirtualMachines/jdk1.7.0_51.jdk/Contents/Home/jre/lib/server/libjvm.dylib at 0x000000010ba00000
R8 =0x000000016b304260 is an oop
java.util.HashMap 
 - klass: 'java/util/HashMap'
R9 =0x000000002d660852 is an unknown value
R10=0x000000010c21af00: _ZN19TemplateInterpreter24_return_5_addrs_by_indexE+0 in /Library/Java/JavaVirtualMachines/jdk1.7.0_51.jdk/Contents/Home/jre/lib/server/libjvm.dylib at 0x000000010ba00000
R11=0x0000000193f85000 is an unallocated location in the heap
R12=0x0000000000000000 is an unknown value
R13=0x0000000000000000 is an unknown value
R14=0x000000019ccb1c18 is pointing into the stack for thread: 0x00007fb7c1ac3000
R15=0x00007fb7c1ac3000 is a thread


Stack: [0x000000019cbb3000,0x000000019ccb3000],  sp=0x000000019ccb1b60,  free space=1018k
Native frames: (J=compiled Java code, j=interpreted, Vv=VM code, C=native code)
j  controllers.MySecure.checkAccess()V+75
v  ~StubRoutines::call_stub
V  [libjvm.dylib+0x2d6bb0]
V  [libjvm.dylib+0x2d6980]
V  [libjvm.dylib+0x460590]
V  [libjvm.dylib+0x4609f6]
V  [libjvm.dylib+0x3234f7]
j  sun.reflect.NativeMethodAccessorImpl.invoke0(Ljava/lang/reflect/Method;Ljava/lang/Object;[Ljava/lang/Object;)Ljava/lang/Object;+0
j  sun.reflect.NativeMethodAccessorImpl.invoke(Ljava/lang/Object;[Ljava/lang/Object;)Ljava/lang/Object;+87
j  sun.reflect.DelegatingMethodAccessorImpl.invoke(Ljava/lang/Object;[Ljava/lang/Object;)Ljava/lang/Object;+6
j  java.lang.reflect.Method.invoke(Ljava/lang/Object;[Ljava/lang/Object;)Ljava/lang/Object;+57
j  play.mvc.ActionInvoker.invoke(Ljava/lang/reflect/Method;Ljava/lang/Object;[Ljava/lang/Object;)Ljava/lang/Object;+17
j  play.mvc.ActionInvoker.invokeControllerMethod(Ljava/lang/reflect/Method;[Ljava/lang/Object;)Ljava/lang/Object;+40
j  play.mvc.ActionInvoker.invokeControllerMethod(Ljava/lang/reflect/Method;)Ljava/lang/Object;+2
j  play.mvc.ActionInvoker.handleBefores(Lplay/mvc/Http$Request;)V+309
j  play.mvc.ActionInvoker.invoke(Lplay/mvc/Http$Request;Lplay/mvc/Http$Response;)V+221
j  play.server.PlayHandler$NettyInvocation.execute()V+64
j  play.Invoker$Invocation.run()V+31
j  play.server.PlayHandler$NettyInvocation.run()V+16
j  java.util.concurrent.Executors$RunnableAdapter.call()Ljava/lang/Object;+4
j  java.util.concurrent.FutureTask.run()V+42
j  java.util.concurrent.ScheduledThreadPoolExecutor$ScheduledFutureTask.access$201(Ljava/util/concurrent/ScheduledThreadPoolExecutor$ScheduledFutureTask;)V+1
j  java.util.concurrent.ScheduledThreadPoolExecutor$ScheduledFutureTask.run()V+30
j  java.util.concurrent.ThreadPoolExecutor.runWorker(Ljava/util/concurrent/ThreadPoolExecutor$Worker;)V+95
j  java.util.concurrent.ThreadPoolExecutor$Worker.run()V+5
j  java.lang.Thread.run()V+11
v  ~StubRoutines::call_stub
V  [libjvm.dylib+0x2d6bb0]
V  [libjvm.dylib+0x2d70c7]
V  [libjvm.dylib+0x2d7204]
V  [libjvm.dylib+0x3261ea]
V  [libjvm.dylib+0x4efb57]
V  [libjvm.dylib+0x4f125f]
V  [libjvm.dylib+0x41b1d6]
C  [libsystem_pthread.dylib+0x1899]  _pthread_body+0x8a
C  [libsystem_pthread.dylib+0x172a]  _pthread_struct_init+0x0
C  [libsystem_pthread.dylib+0x5fc9]  thread_start+0xd


---------------  P R O C E S S  ---------------

Java Threads: ( => current thread )
  0x00007fb7c3c04000 JavaThread "AsyncHttpClient-Reaper" daemon [_thread_blocked, id=15411, stack(0x000000019cebc000,0x000000019cfbc000)]
  0x00007fb7c394e000 JavaThread "AsyncHttpClient-Reaper" daemon [_thread_blocked, id=23087, stack(0x000000019cdb9000,0x000000019ceb9000)]
  0x00007fb7c30f8800 JavaThread "New I/O  worker #25" daemon [_thread_in_native, id=25379, stack(0x000000019c7a7000,0x000000019c8a7000)]
  0x00007fb7c394d000 JavaThread "pool-6-thread-1" [_thread_blocked, id=22299, stack(0x000000019c351000,0x000000019c451000)]
  0x00007fb7c37f6800 JavaThread "Timer-2" daemon [_thread_blocked, id=25867, stack(0x000000019c24e000,0x000000019c34e000)]
  0x00007fb7c0d71000 JavaThread "New I/O  worker #3" [_thread_in_native, id=22799, stack(0x000000019ccb6000,0x000000019cdb6000)]
  0x00007fb7c095d800 JavaThread "New I/O  worker #8" [_thread_in_native, id=29199, stack(0x000000019ca24000,0x000000019cb24000)]
  0x00007fb7c21ab800 JavaThread "New I/O  worker #5" [_thread_in_native, id=30231, stack(0x000000019c921000,0x000000019ca21000)]
  0x00007fb7c20c5000 JavaThread "New I/O  worker #4" [_thread_in_native, id=13095, stack(0x000000019c6a4000,0x000000019c7a4000)]
  0x00007fb7c229f800 JavaThread "net.sf.ehcache.CacheManager@2cdc1576" daemon [_thread_blocked, id=26391, stack(0x000000019bb73000,0x000000019bc73000)]
  0x00007fb7c1ace000 JavaThread "com.mchange.v2.async.ThreadPoolAsynchronousRunner$PoolThread-#2" daemon [_thread_blocked, id=28419, stack(0x000000019d43a000,0x000000019d53a000)]
  0x00007fb7c18cf000 JavaThread "com.mchange.v2.async.ThreadPoolAsynchronousRunner$PoolThread-#1" daemon [_thread_blocked, id=27907, stack(0x000000019d337000,0x000000019d437000)]
  0x00007fb7c2141800 JavaThread "com.mchange.v2.async.ThreadPoolAsynchronousRunner$PoolThread-#0" daemon [_thread_blocked, id=27395, stack(0x000000019d234000,0x000000019d334000)]
  0x00007fb7c187a800 JavaThread "Timer-0" daemon [_thread_blocked, id=26883, stack(0x000000019d131000,0x000000019d231000)]
=>0x00007fb7c1ac3000 JavaThread "play-thread-1" [_thread_in_Java, id=24067, stack(0x000000019cbb3000,0x000000019ccb3000)]
  0x00007fb7c11c1000 JavaThread "JDWP Command Reader" daemon [_thread_in_native, id=21763, stack(0x000000019c5a1000,0x000000019c6a1000)]
  0x00007fb7c1242000 JavaThread "DestroyJavaVM" [_thread_blocked, id=6403, stack(0x000000010b07e000,0x000000010b17e000)]
  0x00007fb7c1996000 JavaThread "New I/O server boss #1 ([id: 0x75147aac, /0:0:0:0:0:0:0:0:9000])" [_thread_in_native, id=21251, stack(0x000000019c49e000,0x000000019c59e000)]
  0x00007fb7c2010000 JavaThread "Service Thread" daemon [_thread_blocked, id=20227, stack(0x000000019b635000,0x000000019b735000)]
  0x00007fb7c200f800 JavaThread "C2 CompilerThread1" daemon [_thread_blocked, id=19715, stack(0x000000019b532000,0x000000019b632000)]
  0x00007fb7c2002000 JavaThread "C2 CompilerThread0" daemon [_thread_blocked, id=19203, stack(0x000000019b42f000,0x000000019b52f000)]
  0x00007fb7c1840000 JavaThread "JDWP Event Helper Thread" daemon [_thread_blocked, id=18691, stack(0x000000019b32c000,0x000000019b42c000)]
  0x00007fb7c1837000 JavaThread "JDWP Transport Listener: dt_socket" daemon [_thread_blocked, id=18179, stack(0x000000019b229000,0x000000019b329000)]
  0x00007fb7c0813000 JavaThread "Signal Dispatcher" daemon [_thread_blocked, id=17667, stack(0x000000019b0d1000,0x000000019b1d1000)]
  0x00007fb7c080f000 JavaThread "Finalizer" daemon [_thread_blocked, id=12547, stack(0x000000019ae82000,0x000000019af82000)]
  0x00007fb7c080e000 JavaThread "Reference Handler" daemon [_thread_blocked, id=12035, stack(0x000000019ad7f000,0x000000019ae7f000)]

Other Threads:
  0x00007fb7c1831000 VMThread [stack: 0x000000019ac7c000,0x000000019ad7c000] [id=11523]
  0x00007fb7c0832800 WatcherThread [stack: 0x000000019b738000,0x000000019b838000] [id=20739]

VM state:not at safepoint (normal execution)

VM Mutex/Monitor currently owned by a thread: None

Heap
 PSYoungGen      total 25600K, used 24054K [0x0000000169d00000, 0x000000016be80000, 0x0000000194800000)
  eden space 24064K, 95% used [0x0000000169d00000,0x000000016b36cc40,0x000000016b480000)
  from space 1536K, 71% used [0x000000016b480000,0x000000016b590ed0,0x000000016b600000)
  to   space 5120K, 0% used [0x000000016b980000,0x000000016b980000,0x000000016be80000)
 ParOldGen       total 87040K, used 22927K [0x0000000114800000, 0x0000000119d00000, 0x0000000169d00000)
  object space 87040K, 26% used [0x0000000114800000,0x0000000115e63fd0,0x0000000119d00000)
 PSPermGen       total 38400K, used 37907K [0x000000010f600000, 0x0000000111b80000, 0x0000000114800000)
  object space 38400K, 98% used [0x000000010f600000,0x0000000111b04ff8,0x0000000111b80000)

Card table byte_map: [0x0000000194800000,0x0000000194c2a000] byte_map_base: 0x0000000193f85000

Polling page: 0x000000010b1bd000

Code Cache  [0x000000010c4b6000, 0x000000010c8f6000, 0x000000010f4b6000)
 total_blobs=1317 nmethods=647 adapters=631 free_code_cache=45015Kb largest_free_block=45909504

Compilation events (10 events):
Event: 6395.722 Thread 0x00007fb7c2002000 nmethod 708 0x000000010c58e3d0 code [0x000000010c58e500, 0x000000010c58e558]
Event: 6395.734 Thread 0x00007fb7c2002000  709             org.eclipse.jdt.internal.compiler.lookup.ReferenceBinding::hashCode (38 bytes)
Event: 6395.740 Thread 0x00007fb7c2002000 nmethod 709 0x000000010c81bd90 code [0x000000010c81bf00, 0x000000010c81c2c8]
Event: 6395.745 Thread 0x00007fb7c2002000  710   !         org.eclipse.jdt.internal.compiler.lookup.BinaryTypeBinding::superInterfaces (178 bytes)
Event: 6396.099 Thread 0x00007fb7c2002000 nmethod 710 0x000000010c8b7e10 code [0x000000010c8b8940, 0x000000010c8bd668]
Event: 6396.099 Thread 0x00007fb7c2002000  711             java.lang.AbstractStringBuilder::append (39 bytes)
Event: 6396.102 Thread 0x00007fb7c2002000 nmethod 711 0x000000010c590790 code [0x000000010c590900, 0x000000010c590b08]
Event: 6396.102 Thread 0x00007fb7c2002000  712             java.util.Calendar::setFieldsComputed (117 bytes)
Event: 6396.109 Thread 0x00007fb7c2002000 nmethod 712 0x000000010c802750 code [0x000000010c802900, 0x000000010c802db8]
Event: 6396.172 Thread 0x00007fb7c200f800 nmethod 699 0x000000010c8d3ed0 code [0x000000010c8d4c40, 0x000000010c8e0fc8]

GC Heap History (10 events):
Event: 6334.516 GC heap before
{Heap before GC invocations=29 (full 0):
 PSYoungGen      total 30208K, used 25504K [0x0000000169d00000, 0x000000016c180000, 0x0000000194800000)
  eden space 24064K, 100% used [0x0000000169d00000,0x000000016b480000,0x000000016b480000)
  from space 6144K, 23% used [0x000000016bb80000,0x000000016bce8000,0x000000016c180000)
  to   space 6656K, 0% used [0x000000016b480000,0x000000016b480000,0x000000016bb00000)
 ParOldGen       total 87040K, used 22057K [0x0000000114800000, 0x0000000119d00000, 0x0000000169d00000)
  object space 87040K, 25% used [0x0000000114800000,0x0000000115d8a630,0x0000000119d00000)
 PSPermGen       total 37888K, used 37571K [0x000000010f600000, 0x0000000111b00000, 0x0000000114800000)
  object space 37888K, 99% used [0x000000010f600000,0x0000000111ab0d70,0x0000000111b00000)
Event: 6334.520 GC heap after
Heap after GC invocations=29 (full 0):
 PSYoungGen      total 26112K, used 1576K [0x0000000169d00000, 0x000000016c080000, 0x0000000194800000)
  eden space 24064K, 0% used [0x0000000169d00000,0x0000000169d00000,0x000000016b480000)
  from space 2048K, 76% used [0x000000016b480000,0x000000016b60a240,0x000000016b680000)
  to   space 6144K, 0% used [0x000000016ba80000,0x000000016ba80000,0x000000016c080000)
 ParOldGen       total 87040K, used 22406K [0x0000000114800000, 0x0000000119d00000, 0x0000000169d00000)
  object space 87040K, 25% used [0x0000000114800000,0x0000000115de1a90,0x0000000119d00000)
 PSPermGen       total 37888K, used 37571K [0x000000010f600000, 0x0000000111b00000, 0x0000000114800000)
  object space 37888K, 99% used [0x000000010f600000,0x0000000111ab0d70,0x0000000111b00000)
}
Event: 6334.734 GC heap before
{Heap before GC invocations=30 (full 0):
 PSYoungGen      total 26112K, used 25640K [0x0000000169d00000, 0x000000016c080000, 0x0000000194800000)
  eden space 24064K, 100% used [0x0000000169d00000,0x000000016b480000,0x000000016b480000)
  from space 2048K, 76% used [0x000000016b480000,0x000000016b60a240,0x000000016b680000)
  to   space 6144K, 0% used [0x000000016ba80000,0x000000016ba80000,0x000000016c080000)
 ParOldGen       total 87040K, used 22406K [0x0000000114800000, 0x0000000119d00000, 0x0000000169d00000)
  object space 87040K, 25% used [0x0000000114800000,0x0000000115de1a90,0x0000000119d00000)
 PSPermGen       total 37888K, used 37609K [0x000000010f600000, 0x0000000111b00000, 0x0000000114800000)
  object space 37888K, 99% used [0x000000010f600000,0x0000000111aba508,0x0000000111b00000)
Event: 6334.737 GC heap after
Heap after GC invocations=30 (full 0):
 PSYoungGen      total 30208K, used 979K [0x0000000169d00000, 0x000000016c080000, 0x0000000194800000)
  eden space 24064K, 0% used [0x0000000169d00000,0x0000000169d00000,0x000000016b480000)
  from space 6144K, 15% used [0x000000016ba80000,0x000000016bb74ec0,0x000000016c080000)
  to   space 6144K, 0% used [0x000000016b480000,0x000000016b480000,0x000000016ba80000)
 ParOldGen       total 87040K, used 22519K [0x0000000114800000, 0x0000000119d00000, 0x0000000169d00000)
  object space 87040K, 25% used [0x0000000114800000,0x0000000115dfddf0,0x0000000119d00000)
 PSPermGen       total 37888K, used 37609K [0x000000010f600000, 0x0000000111b00000, 0x0000000114800000)
  object space 37888K, 99% used [0x000000010f600000,0x0000000111aba508,0x0000000111b00000)
}
Event: 6371.485 GC heap before
{Heap before GC invocations=31 (full 0):
 PSYoungGen      total 30208K, used 25043K [0x0000000169d00000, 0x000000016c080000, 0x0000000194800000)
  eden space 24064K, 100% used [0x0000000169d00000,0x000000016b480000,0x000000016b480000)
  from space 6144K, 15% used [0x000000016ba80000,0x000000016bb74ec0,0x000000016c080000)
  to   space 6144K, 0% used [0x000000016b480000,0x000000016b480000,0x000000016ba80000)
 ParOldGen       total 87040K, used 22519K [0x0000000114800000, 0x0000000119d00000, 0x0000000169d00000)
  object space 87040K, 25% used [0x0000000114800000,0x0000000115dfddf0,0x0000000119d00000)
 PSPermGen       total 37888K, used 37749K [0x000000010f600000, 0x0000000111b00000, 0x0000000114800000)
  object space 37888K, 99% used [0x000000010f600000,0x0000000111add620,0x0000000111b00000)
Event: 6371.488 GC heap after
Heap after GC invocations=31 (full 0):
 PSYoungGen      total 25600K, used 1226K [0x0000000169d00000, 0x000000016bf80000, 0x0000000194800000)
  eden space 24064K, 0% used [0x0000000169d00000,0x0000000169d00000,0x000000016b480000)
  from space 1536K, 79% used [0x000000016b480000,0x000000016b5b28a0,0x000000016b600000)
  to   space 5632K, 0% used [0x000000016ba00000,0x000000016ba00000,0x000000016bf80000)
 ParOldGen       total 87040K, used 22571K [0x0000000114800000, 0x0000000119d00000, 0x0000000169d00000)
  object space 87040K, 25% used [0x0000000114800000,0x0000000115e0ae80,0x0000000119d00000)
 PSPermGen       total 37888K, used 37749K [0x000000010f600000, 0x0000000111b00000, 0x0000000114800000)
  object space 37888K, 99% used [0x000000010f600000,0x0000000111add620,0x0000000111b00000)
}
Event: 6371.649 GC heap before
{Heap before GC invocations=32 (full 0):
 PSYoungGen      total 25600K, used 25290K [0x0000000169d00000, 0x000000016bf80000, 0x0000000194800000)
  eden space 24064K, 100% used [0x0000000169d00000,0x000000016b480000,0x000000016b480000)
  from space 1536K, 79% used [0x000000016b480000,0x000000016b5b28a0,0x000000016b600000)
  to   space 5632K, 0% used [0x000000016ba00000,0x000000016ba00000,0x000000016bf80000)
 ParOldGen       total 87040K, used 22571K [0x0000000114800000, 0x0000000119d00000, 0x0000000169d00000)
  object space 87040K, 25% used [0x0000000114800000,0x0000000115e0ae80,0x0000000119d00000)
 PSPermGen       total 37888K, used 37756K [0x000000010f600000, 0x0000000111b00000, 0x0000000114800000)
  object space 37888K, 99% used [0x000000010f600000,0x0000000111adf280,0x0000000111b00000)
Event: 6371.651 GC heap after
Heap after GC invocations=32 (full 0):
 PSYoungGen      total 29696K, used 1159K [0x0000000169d00000, 0x000000016bf80000, 0x0000000194800000)
  eden space 24064K, 0% used [0x0000000169d00000,0x0000000169d00000,0x000000016b480000)
  from space 5632K, 20% used [0x000000016ba00000,0x000000016bb21dd0,0x000000016bf80000)
  to   space 5632K, 0% used [0x000000016b480000,0x000000016b480000,0x000000016ba00000)
 ParOldGen       total 87040K, used 22887K [0x0000000114800000, 0x0000000119d00000, 0x0000000169d00000)
  object space 87040K, 26% used [0x0000000114800000,0x0000000115e59fd0,0x0000000119d00000)
 PSPermGen       total 37888K, used 37756K [0x000000010f600000, 0x0000000111b00000, 0x0000000114800000)
  object space 37888K, 99% used [0x000000010f600000,0x0000000111adf280,0x0000000111b00000)
}
Event: 6395.579 GC heap before
{Heap before GC invocations=33 (full 0):
 PSYoungGen      total 29696K, used 25223K [0x0000000169d00000, 0x000000016bf80000, 0x0000000194800000)
  eden space 24064K, 100% used [0x0000000169d00000,0x000000016b480000,0x000000016b480000)
  from space 5632K, 20% used [0x000000016ba00000,0x000000016bb21dd0,0x000000016bf80000)
  to   space 5632K, 0% used [0x000000016b480000,0x000000016b480000,0x000000016ba00000)
 ParOldGen       total 87040K, used 22887K [0x0000000114800000, 0x0000000119d00000, 0x0000000169d00000)
  object space 87040K, 26% used [0x0000000114800000,0x0000000115e59fd0,0x0000000119d00000)
 PSPermGen       total 37888K, used 37822K [0x000000010f600000, 0x0000000111b00000, 0x0000000114800000)
  object space 37888K, 99% used [0x000000010f600000,0x0000000111aef9b8,0x0000000111b00000)
Event: 6395.581 GC heap after
Heap after GC invocations=33 (full 0):
 PSYoungGen      total 25600K, used 1091K [0x0000000169d00000, 0x000000016be80000, 0x0000000194800000)
  eden space 24064K, 0% used [0x0000000169d00000,0x0000000169d00000,0x000000016b480000)
  from space 1536K, 71% used [0x000000016b480000,0x000000016b590ed0,0x000000016b600000)
  to   space 5120K, 0% used [0x000000016b980000,0x000000016b980000,0x000000016be80000)
 ParOldGen       total 87040K, used 22927K [0x0000000114800000, 0x0000000119d00000, 0x0000000169d00000)
  object space 87040K, 26% used [0x0000000114800000,0x0000000115e63fd0,0x0000000119d00000)
 PSPermGen       total 37888K, used 37822K [0x000000010f600000, 0x0000000111b00000, 0x0000000114800000)
  object space 37888K, 99% used [0x000000010f600000,0x0000000111aef9b8,0x0000000111b00000)
}

Deoptimization events (10 events):
Event: 6371.622 Thread 0x00007fb7c1ac3000 Uncommon trap: reason=range_check action=none pc=0x000000010c5f5cbc method=org.eclipse.jdt.internal.compiler.parser.Scanner.getNextToken()I @ 93
Event: 6373.006 Thread 0x00007fb7c21ab800 Uncommon trap: reason=unhandled action=none pc=0x000000010c73b3f4 method=org.jboss.netty.handler.codec.replay.ReplayingDecoderBuffer.checkReadableBytes(I)V @ 16
Event: 6395.422 Thread 0x00007fb7c095d800 Uncommon trap: reason=bimorphic action=maybe_recompile pc=0x000000010c5a9e08 method=java.util.regex.Pattern$BranchConn.match(Ljava/util/regex/Matcher;ILjava/lang/CharSequence;)Z @ 7
Event: 6395.427 Thread 0x00007fb7c1ac3000 Uncommon trap: reason=range_check action=none pc=0x000000010c5f5cbc method=org.eclipse.jdt.internal.compiler.parser.Scanner.getNextToken()I @ 93
Event: 6395.503 Thread 0x00007fb7c1ac3000 Uncommon trap: reason=array_check action=maybe_recompile pc=0x000000010c8910b0 method=java.util.ComparableTimSort.binarySort([Ljava/lang/Object;III)V @ 193
Event: 6395.506 Thread 0x00007fb7c1ac3000 Uncommon trap: reason=array_check action=maybe_recompile pc=0x000000010c8910b0 method=java.util.ComparableTimSort.binarySort([Ljava/lang/Object;III)V @ 193
Event: 6395.526 Thread 0x00007fb7c1ac3000 Uncommon trap: reason=range_check action=none pc=0x000000010c5f5cbc method=org.eclipse.jdt.internal.compiler.parser.Scanner.getNextToken()I @ 93
Event: 6395.569 Thread 0x00007fb7c1ac3000 Uncommon trap: reason=range_check action=none pc=0x000000010c5f5cbc method=org.eclipse.jdt.internal.compiler.parser.Scanner.getNextToken()I @ 93
Event: 6395.711 Thread 0x00007fb7c1ac3000 Uncommon trap: reason=range_check action=none pc=0x000000010c5f5cbc method=org.eclipse.jdt.internal.compiler.parser.Scanner.getNextToken()I @ 93
Event: 6396.993 Thread 0x00007fb7c1ac3000 Uncommon trap: reason=unhandled action=none pc=0x000000010c775348 method=java.lang.Integer.parseInt(Ljava/lang/String;I)I @ 204

Internal exceptions (10 events):
Event: 6395.711 Thread 0x00007fb7c1ac3000 Threw 0x000000016ab223b8 at /HUDSON/workspace/7u-2-build-macosx-x86_64/jdk7u51/527/hotspot/src/share/vm/interpreter/interpreterRuntime.cpp:347
Event: 6395.818 Thread 0x00007fb7c1ac3000 Threw 0x000000016b1069c0 at /HUDSON/workspace/7u-2-build-macosx-x86_64/jdk7u51/527/hotspot/src/share/vm/runtime/reflection.cpp:1030
Event: 6396.985 Thread 0x00007fb7c1ac3000 Threw 0x000000016b1799f0 at /HUDSON/workspace/7u-2-build-macosx-x86_64/jdk7u51/527/hotspot/src/share/vm/prims/jvm.cpp:1244
Event: 6396.986 Thread 0x00007fb7c1ac3000 Threw 0x000000016b17dbe8 at /HUDSON/workspace/7u-2-build-macosx-x86_64/jdk7u51/527/hotspot/src/share/vm/prims/jvm.cpp:1244
Event: 6396.986 Thread 0x00007fb7c1ac3000 Threw 0x000000016b181bd0 at /HUDSON/workspace/7u-2-build-macosx-x86_64/jdk7u51/527/hotspot/src/share/vm/prims/jvm.cpp:1244
Event: 6396.987 Thread 0x00007fb7c1ac3000 Threw 0x000000016b1868e0 at /HUDSON/workspace/7u-2-build-macosx-x86_64/jdk7u51/527/hotspot/src/share/vm/prims/jvm.cpp:1244
Event: 6396.987 Thread 0x00007fb7c1ac3000 Threw 0x000000016b18c968 at /HUDSON/workspace/7u-2-build-macosx-x86_64/jdk7u51/527/hotspot/src/share/vm/prims/jvm.cpp:1244
Event: 6396.988 Thread 0x00007fb7c1ac3000 Threw 0x000000016b1968e0 at /HUDSON/workspace/7u-2-build-macosx-x86_64/jdk7u51/527/hotspot/src/share/vm/prims/jvm.cpp:1244
Event: 6397.012 Thread 0x00007fb7c1ac3000 Threw 0x000000016b1b5c38 at /HUDSON/workspace/7u-2-build-macosx-x86_64/jdk7u51/527/hotspot/src/share/vm/runtime/reflection.cpp:1030
Event: 6406.954 Thread 0x00007fb7c1ac3000 Threw 0x000000016b236780 at /HUDSON/workspace/7u-2-build-macosx-x86_64/jdk7u51/527/hotspot/src/share/vm/runtime/reflection.cpp:1030

Events (10 events):
Event: 6404.754 Executing VM operation: ChangeBreakpoints
Event: 6404.754 Executing VM operation: ChangeBreakpoints done
Event: 6404.755 Executing VM operation: ChangeBreakpoints
Event: 6404.755 Executing VM operation: ChangeBreakpoints done
Event: 6406.956 Executing VM operation: RevokeBias
Event: 6406.956 Executing VM operation: RevokeBias done
Event: 6406.999 Executing VM operation: RevokeBias
Event: 6406.999 Executing VM operation: RevokeBias done
Event: 6406.999 Executing VM operation: RevokeBias
Event: 6406.999 Executing VM operation: RevokeBias done


Dynamic libraries:
0x0000000004c53000 	/System/Library/Frameworks/Cocoa.framework/Versions/A/Cocoa
0x0000000004c53000 	/System/Library/Frameworks/Security.framework/Versions/A/Security
0x0000000004c53000 	/System/Library/Frameworks/ApplicationServices.framework/Versions/A/ApplicationServices
0x0000000004c53000 	/usr/lib/libz.1.dylib
0x0000000004c53000 	/usr/lib/libSystem.B.dylib
0x0000000004c53000 	/usr/lib/libobjc.A.dylib
0x0000000004c53000 	/System/Library/Frameworks/CoreFoundation.framework/Versions/A/CoreFoundation
0x0000000004c53000 	/System/Library/Frameworks/Foundation.framework/Versions/C/Foundation
0x0000000004c53000 	/System/Library/Frameworks/AppKit.framework/Versions/C/AppKit
0x0000000004c53000 	/System/Library/Frameworks/CoreData.framework/Versions/A/CoreData
0x0000000004c53000 	/System/Library/PrivateFrameworks/RemoteViewServices.framework/Versions/A/RemoteViewServices
0x0000000004c53000 	/System/Library/Frameworks/AudioToolbox.framework/Versions/A/AudioToolbox
0x0000000004c53000 	/System/Library/Frameworks/AudioUnit.framework/Versions/A/AudioUnit
0x0000000004c53000 	/System/Library/PrivateFrameworks/DataDetectorsCore.framework/Versions/A/DataDetectorsCore
0x0000000004c53000 	/System/Library/PrivateFrameworks/DesktopServicesPriv.framework/Versions/A/DesktopServicesPriv
0x0000000004c53000 	/System/Library/Frameworks/Carbon.framework/Versions/A/Frameworks/HIToolbox.framework/Versions/A/HIToolbox
0x0000000004c53000 	/System/Library/Frameworks/QuartzCore.framework/Versions/A/QuartzCore
0x0000000004c53000 	/System/Library/Frameworks/Carbon.framework/Versions/A/Frameworks/SpeechRecognition.framework/Versions/A/SpeechRecognition
0x0000000004c53000 	/usr/lib/libauto.dylib
0x0000000004c53000 	/usr/lib/libicucore.A.dylib
0x0000000004c53000 	/usr/lib/libxml2.2.dylib
0x0000000004c53000 	/System/Library/PrivateFrameworks/CoreUI.framework/Versions/A/CoreUI
0x0000000004c53000 	/System/Library/Frameworks/CoreAudio.framework/Versions/A/CoreAudio
0x0000000004c53000 	/System/Library/Frameworks/DiskArbitration.framework/Versions/A/DiskArbitration
0x0000000004c53000 	/usr/lib/liblangid.dylib
0x0000000004c53000 	/System/Library/PrivateFrameworks/MultitouchSupport.framework/Versions/A/MultitouchSupport
0x0000000004c53000 	/System/Library/Frameworks/IOKit.framework/Versions/A/IOKit
0x0000000004c53000 	/usr/lib/libDiagnosticMessagesClient.dylib
0x0000000004c53000 	/System/Library/Frameworks/CoreServices.framework/Versions/A/CoreServices
0x0000000004c53000 	/System/Library/PrivateFrameworks/PerformanceAnalysis.framework/Versions/A/PerformanceAnalysis
0x0000000004c53000 	/System/Library/PrivateFrameworks/GenerationalStorage.framework/Versions/A/GenerationalStorage
0x0000000004c53000 	/System/Library/Frameworks/OpenGL.framework/Versions/A/OpenGL
0x0000000004c53000 	/System/Library/PrivateFrameworks/Sharing.framework/Versions/A/Sharing
0x0000000004c53000 	/System/Library/Frameworks/ImageIO.framework/Versions/A/ImageIO
0x0000000004c53000 	/System/Library/Frameworks/CoreText.framework/Versions/A/CoreText
0x0000000004c53000 	/System/Library/Frameworks/CoreGraphics.framework/Versions/A/CoreGraphics
0x0000000004c53000 	/System/Library/PrivateFrameworks/Backup.framework/Versions/A/Backup
0x0000000004c53000 	/System/Library/Frameworks/CFNetwork.framework/Versions/A/CFNetwork
0x0000000004c53000 	/System/Library/Frameworks/SystemConfiguration.framework/Versions/A/SystemConfiguration
0x0000000004c53000 	/usr/lib/libCRFSuite.dylib
0x0000000004c53000 	/usr/lib/libc++.1.dylib
0x0000000004c53000 	/usr/lib/libc++abi.dylib
0x0000000004c53000 	/usr/lib/system/libcache.dylib
0x0000000004c53000 	/usr/lib/system/libcommonCrypto.dylib
0x0000000004c53000 	/usr/lib/system/libcompiler_rt.dylib
0x0000000004c53000 	/usr/lib/system/libcopyfile.dylib
0x0000000004c53000 	/usr/lib/system/libcorecrypto.dylib
0x0000000004c53000 	/usr/lib/system/libdispatch.dylib
0x0000000004c53000 	/usr/lib/system/libdyld.dylib
0x0000000004c53000 	/usr/lib/system/libkeymgr.dylib
0x0000000004c53000 	/usr/lib/system/liblaunch.dylib
0x0000000004c53000 	/usr/lib/system/libmacho.dylib
0x0000000004c53000 	/usr/lib/system/libquarantine.dylib
0x0000000004c53000 	/usr/lib/system/libremovefile.dylib
0x0000000004c53000 	/usr/lib/system/libsystem_asl.dylib
0x0000000004c53000 	/usr/lib/system/libsystem_blocks.dylib
0x0000000004c53000 	/usr/lib/system/libsystem_c.dylib
0x0000000004c53000 	/usr/lib/system/libsystem_configuration.dylib
0x0000000004c53000 	/usr/lib/system/libsystem_dnssd.dylib
0x0000000004c53000 	/usr/lib/system/libsystem_info.dylib
0x0000000004c53000 	/usr/lib/system/libsystem_kernel.dylib
0x0000000004c53000 	/usr/lib/system/libsystem_m.dylib
0x0000000004c53000 	/usr/lib/system/libsystem_malloc.dylib
0x0000000004c53000 	/usr/lib/system/libsystem_network.dylib
0x0000000004c53000 	/usr/lib/system/libsystem_notify.dylib
0x0000000004c53000 	/usr/lib/system/libsystem_platform.dylib
0x0000000004c53000 	/usr/lib/system/libsystem_pthread.dylib
0x0000000004c53000 	/usr/lib/system/libsystem_sandbox.dylib
0x0000000004c53000 	/usr/lib/system/libsystem_stats.dylib
0x0000000004c53000 	/usr/lib/system/libunc.dylib
0x0000000004c53000 	/usr/lib/system/libunwind.dylib
0x0000000004c53000 	/usr/lib/system/libxpc.dylib
0x0000000004c53000 	/usr/lib/libbsm.0.dylib
0x0000000004c53000 	/usr/lib/libsqlite3.dylib
0x0000000004c53000 	/usr/lib/libxar.1.dylib
0x0000000004c53000 	/usr/lib/libpam.2.dylib
0x0000000004c53000 	/usr/lib/libOpenScriptingUtil.dylib
0x0000000004c53000 	/usr/lib/libbz2.1.0.dylib
0x0000000004c53000 	/System/Library/Frameworks/CoreServices.framework/Versions/A/Frameworks/CarbonCore.framework/Versions/A/CarbonCore
0x0000000004c53000 	/System/Library/Frameworks/CoreServices.framework/Versions/A/Frameworks/Metadata.framework/Versions/A/Metadata
0x0000000004c53000 	/System/Library/Frameworks/CoreServices.framework/Versions/A/Frameworks/OSServices.framework/Versions/A/OSServices
0x0000000004c53000 	/System/Library/Frameworks/CoreServices.framework/Versions/A/Frameworks/SearchKit.framework/Versions/A/SearchKit
0x0000000004c53000 	/System/Library/Frameworks/CoreServices.framework/Versions/A/Frameworks/AE.framework/Versions/A/AE
0x0000000004c53000 	/System/Library/Frameworks/CoreServices.framework/Versions/A/Frameworks/LaunchServices.framework/Versions/A/LaunchServices
0x0000000004c53000 	/System/Library/Frameworks/CoreServices.framework/Versions/A/Frameworks/DictionaryServices.framework/Versions/A/DictionaryServices
0x0000000004c53000 	/System/Library/Frameworks/NetFS.framework/Versions/A/NetFS
0x0000000004c53000 	/usr/lib/system/libkxld.dylib
0x0000000004c53000 	/System/Library/PrivateFrameworks/NetAuth.framework/Versions/A/NetAuth
0x0000000004c53000 	/System/Library/PrivateFrameworks/TCC.framework/Versions/A/TCC
0x0000000004c53000 	/System/Library/Frameworks/OpenDirectory.framework/Versions/A/Frameworks/CFOpenDirectory.framework/Versions/A/CFOpenDirectory
0x0000000004c53000 	/System/Library/Frameworks/ServiceManagement.framework/Versions/A/ServiceManagement
0x0000000004c53000 	/usr/lib/libxslt.1.dylib
0x0000000004c53000 	/System/Library/Frameworks/Carbon.framework/Versions/A/Frameworks/Ink.framework/Versions/A/Ink
0x0000000004c53000 	/System/Library/Frameworks/ApplicationServices.framework/Versions/A/Frameworks/ATS.framework/Versions/A/ATS
0x0000000004c53000 	/System/Library/Frameworks/ApplicationServices.framework/Versions/A/Frameworks/ColorSync.framework/Versions/A/ColorSync
0x0000000004c53000 	/System/Library/Frameworks/ApplicationServices.framework/Versions/A/Frameworks/HIServices.framework/Versions/A/HIServices
0x0000000004c53000 	/System/Library/Frameworks/ApplicationServices.framework/Versions/A/Frameworks/LangAnalysis.framework/Versions/A/LangAnalysis
0x0000000004c53000 	/System/Library/Frameworks/ApplicationServices.framework/Versions/A/Frameworks/PrintCore.framework/Versions/A/PrintCore
0x0000000004c53000 	/System/Library/Frameworks/ApplicationServices.framework/Versions/A/Frameworks/QD.framework/Versions/A/QD
0x0000000004c53000 	/System/Library/Frameworks/ApplicationServices.framework/Versions/A/Frameworks/SpeechSynthesis.framework/Versions/A/SpeechSynthesis
0x0000000004c53000 	/System/Library/Frameworks/IOSurface.framework/Versions/A/IOSurface
0x0000000004c53000 	/System/Library/Frameworks/Accelerate.framework/Versions/A/Accelerate
0x0000000004c53000 	/System/Library/Frameworks/Accelerate.framework/Versions/A/Frameworks/vImage.framework/Versions/A/vImage
0x0000000004c53000 	/System/Library/Frameworks/Accelerate.framework/Versions/A/Frameworks/vecLib.framework/Versions/A/vecLib
0x0000000004c53000 	/System/Library/Frameworks/Accelerate.framework/Versions/A/Frameworks/vecLib.framework/Versions/A/libvDSP.dylib
0x0000000004c53000 	/System/Library/Frameworks/Accelerate.framework/Versions/A/Frameworks/vecLib.framework/Versions/A/libvMisc.dylib
0x0000000004c53000 	/System/Library/Frameworks/Accelerate.framework/Versions/A/Frameworks/vecLib.framework/Versions/A/libLAPACK.dylib
0x0000000004c53000 	/System/Library/Frameworks/Accelerate.framework/Versions/A/Frameworks/vecLib.framework/Versions/A/libBLAS.dylib
0x0000000004c53000 	/System/Library/Frameworks/ApplicationServices.framework/Versions/A/Frameworks/ATS.framework/Versions/A/Resources/libFontParser.dylib
0x0000000004c53000 	/System/Library/Frameworks/ApplicationServices.framework/Versions/A/Frameworks/ATS.framework/Versions/A/Resources/libFontRegistry.dylib
0x0000000004c53000 	/System/Library/Frameworks/ImageIO.framework/Versions/A/Resources/libJPEG.dylib
0x0000000004c53000 	/System/Library/Frameworks/ImageIO.framework/Versions/A/Resources/libTIFF.dylib
0x0000000004c53000 	/System/Library/Frameworks/ImageIO.framework/Versions/A/Resources/libPng.dylib
0x0000000004c53000 	/System/Library/Frameworks/ImageIO.framework/Versions/A/Resources/libGIF.dylib
0x0000000004c53000 	/System/Library/Frameworks/ImageIO.framework/Versions/A/Resources/libJP2.dylib
0x0000000004c53000 	/System/Library/Frameworks/ImageIO.framework/Versions/A/Resources/libRadiance.dylib
0x0000000004c53000 	/usr/lib/libcups.2.dylib
0x0000000004c53000 	/System/Library/Frameworks/Kerberos.framework/Versions/A/Kerberos
0x0000000004c53000 	/System/Library/Frameworks/GSS.framework/Versions/A/GSS
0x0000000004c53000 	/usr/lib/libresolv.9.dylib
0x0000000004c53000 	/usr/lib/libiconv.2.dylib
0x0000000004c53000 	/System/Library/PrivateFrameworks/Heimdal.framework/Versions/A/Heimdal
0x0000000004c53000 	/System/Library/PrivateFrameworks/TrustEvaluationAgent.framework/Versions/A/TrustEvaluationAgent
0x0000000004c53000 	/usr/lib/libheimdal-asn1.dylib
0x0000000004c53000 	/System/Library/Frameworks/OpenDirectory.framework/Versions/A/OpenDirectory
0x0000000004c53000 	/System/Library/PrivateFrameworks/CommonAuth.framework/Versions/A/CommonAuth
0x0000000004c53000 	/System/Library/Frameworks/SecurityFoundation.framework/Versions/A/SecurityFoundation
0x0000000004c53000 	/System/Library/PrivateFrameworks/Bom.framework/Versions/A/Bom
0x0000000004c53000 	/System/Library/Frameworks/CoreVideo.framework/Versions/A/CoreVideo
0x0000000004c53000 	/System/Library/Frameworks/QuartzCore.framework/Versions/A/Frameworks/CoreImage.framework/Versions/A/CoreImage
0x0000000004c53000 	/System/Library/Frameworks/QuartzCore.framework/Versions/A/Frameworks/ScalableUserInterface.framework/Versions/A/ScalableUserInterface
0x0000000004c53000 	/System/Library/Frameworks/OpenGL.framework/Versions/A/Libraries/libGLU.dylib
0x0000000004c53000 	/System/Library/Frameworks/OpenGL.framework/Versions/A/Libraries/libGFXShared.dylib
0x0000000004c53000 	/System/Library/Frameworks/OpenGL.framework/Versions/A/Libraries/libGL.dylib
0x0000000004c53000 	/System/Library/Frameworks/OpenGL.framework/Versions/A/Libraries/libGLImage.dylib
0x0000000004c53000 	/System/Library/Frameworks/OpenGL.framework/Versions/A/Libraries/libCVMSPluginSupport.dylib
0x0000000004c53000 	/System/Library/Frameworks/OpenGL.framework/Versions/A/Libraries/libCoreVMClient.dylib
0x0000000004c53000 	/System/Library/PrivateFrameworks/FaceCore.framework/Versions/A/FaceCore
0x0000000004c53000 	/System/Library/PrivateFrameworks/CrashReporterSupport.framework/Versions/A/CrashReporterSupport
0x0000000004c53000 	/System/Library/Frameworks/OpenCL.framework/Versions/A/OpenCL
0x0000000004c53000 	/System/Library/PrivateFrameworks/AppleFSCompression.framework/Versions/A/AppleFSCompression
0x0000000004c53000 	/System/Library/PrivateFrameworks/Ubiquity.framework/Versions/A/Ubiquity
0x0000000004c53000 	/System/Library/PrivateFrameworks/IconServices.framework/Versions/A/IconServices
0x0000000004c53000 	/System/Library/PrivateFrameworks/ChunkingLibrary.framework/Versions/A/ChunkingLibrary
0x0000000004c53000 	/System/Library/PrivateFrameworks/CoreSymbolication.framework/Versions/A/CoreSymbolication
0x0000000004c53000 	/System/Library/PrivateFrameworks/Symbolication.framework/Versions/A/Symbolication
0x0000000004c53000 	/System/Library/PrivateFrameworks/DebugSymbols.framework/Versions/A/DebugSymbols
0x0000000050693000 	/System/Library/CoreServices/Encodings/libJapaneseConverter.dylib
0x000000010ba00000 	/Library/Java/JavaVirtualMachines/jdk1.7.0_51.jdk/Contents/Home/jre/lib/server/libjvm.dylib
0x0000000004c53000 	/usr/lib/libstdc++.6.dylib
0x000000010b180000 	/Library/Java/JavaVirtualMachines/jdk1.7.0_51.jdk/Contents/Home/jre/lib/libverify.dylib
0x000000010b18d000 	/Library/Java/JavaVirtualMachines/jdk1.7.0_51.jdk/Contents/Home/jre/lib/libjava.dylib
0x000000010b1be000 	/Library/Java/JavaVirtualMachines/jdk1.7.0_51.jdk/Contents/Home/jre/lib/libjdwp.dylib
0x000000010c453000 	/Library/Java/JavaVirtualMachines/jdk1.7.0_51.jdk/Contents/Home/jre/lib/libinstrument.dylib
0x000000010b1fc000 	/Library/Java/JavaVirtualMachines/jdk1.7.0_51.jdk/Contents/Home/jre/lib/libnpt.dylib
0x000000010c4ad000 	/Library/Java/JavaVirtualMachines/jdk1.7.0_51.jdk/Contents/Home/jre/lib/libzip.dylib
0x000000019af84000 	/System/Library/Frameworks/JavaVM.framework/Frameworks/JavaRuntimeSupport.framework/JavaRuntimeSupport
0x000000019af9c000 	/System/Library/Frameworks/JavaVM.framework/Versions/A/Frameworks/JavaNativeFoundation.framework/Versions/A/JavaNativeFoundation
0x000000019afb1000 	/System/Library/Frameworks/JavaVM.framework/Versions/A/JavaVM
0x0000000004c53000 	/System/Library/Frameworks/Carbon.framework/Versions/A/Carbon
0x000000019afbe000 	/System/Library/PrivateFrameworks/JavaLaunching.framework/Versions/A/JavaLaunching
0x0000000004c53000 	/System/Library/Frameworks/Carbon.framework/Versions/A/Frameworks/CommonPanels.framework/Versions/A/CommonPanels
0x0000000004c53000 	/System/Library/Frameworks/Carbon.framework/Versions/A/Frameworks/Help.framework/Versions/A/Help
0x0000000004c53000 	/System/Library/Frameworks/Carbon.framework/Versions/A/Frameworks/ImageCapture.framework/Versions/A/ImageCapture
0x0000000004c53000 	/System/Library/Frameworks/Carbon.framework/Versions/A/Frameworks/OpenScripting.framework/Versions/A/OpenScripting
0x0000000004c53000 	/System/Library/Frameworks/Carbon.framework/Versions/A/Frameworks/Print.framework/Versions/A/Print
0x0000000004c53000 	/System/Library/Frameworks/Carbon.framework/Versions/A/Frameworks/SecurityHI.framework/Versions/A/SecurityHI
0x000000019b222000 	/Library/Java/JavaVirtualMachines/jdk1.7.0_51.jdk/Contents/Home/jre/lib/libdt_socket.dylib
0x000000019bd71000 	/Library/Java/JavaVirtualMachines/jdk1.7.0_51.jdk/Contents/Home/jre/lib/libnio.dylib
0x000000019bd80000 	/Library/Java/JavaVirtualMachines/jdk1.7.0_51.jdk/Contents/Home/jre/lib/./libnet.dylib
0x000000019afcf000 	/Library/Java/JavaVirtualMachines/jdk1.7.0_51.jdk/Contents/Home/jre/lib/libmanagement.dylib

VM Arguments:
jvm_args: -Xdebug -Xrunjdwp:transport=dt_socket,address=8123,server=y,suspend=n -Dplay.debug=yes -Dplay.id= -Dapplication.path=/Users/baby/w_work/99_play/testplay -Djava.endorsed.dirs=/Applications/play-1.2.5/framework/endorsed -javaagent:/Applications/play-1.2.5/framework/play-1.2.5.jar -Dfile.encoding=UTF-8 
java_command: play.server.Server
Launcher Type: SUN_STANDARD

Environment Variables:
PATH=/usr/bin:/bin:/usr/sbin:/sbin
SHELL=/bin/bash

Signal Handlers:
SIGSEGV: [libjvm.dylib+0x525425], sa_mask[0]=0xfffefeff, sa_flags=0x00000043
SIGBUS: [libjvm.dylib+0x525425], sa_mask[0]=0xfffefeff, sa_flags=0x00000042
SIGFPE: [libjvm.dylib+0x41892a], sa_mask[0]=0xfffefeff, sa_flags=0x00000042
SIGPIPE: [libjvm.dylib+0x41892a], sa_mask[0]=0xfffefeff, sa_flags=0x00000042
SIGXFSZ: [libjvm.dylib+0x41892a], sa_mask[0]=0xfffefeff, sa_flags=0x00000042
SIGILL: [libjvm.dylib+0x41892a], sa_mask[0]=0xfffefeff, sa_flags=0x00000042
SIGUSR1: SIG_DFL, sa_mask[0]=0x00000000, sa_flags=0x00000002
SIGUSR2: [libjvm.dylib+0x41841c], sa_mask[0]=0x00000004, sa_flags=0x00000042
SIGHUP: [libjvm.dylib+0x4166ab], sa_mask[0]=0xfffefeff, sa_flags=0x00000042
SIGINT: [libjvm.dylib+0x4166ab], sa_mask[0]=0xfffefeff, sa_flags=0x00000042
SIGTERM: [libjvm.dylib+0x4166ab], sa_mask[0]=0xfffefeff, sa_flags=0x00000042
SIGQUIT: [libjvm.dylib+0x4166ab], sa_mask[0]=0xfffefeff, sa_flags=0x00000042


---------------  S Y S T E M  ---------------

OS:Bsduname:Darwin 13.1.0 Darwin Kernel Version 13.1.0: Wed Apr  2 23:52:02 PDT 2014; root:xnu-2422.92.1~2/RELEASE_X86_64 x86_64
rlimit: STACK 8192k, CORE 0k, NPROC 709, NOFILE 10240, AS infinity
load average:2.06 1.53 1.54

CPU:total 4 (2 cores per cpu, 2 threads per core) family 6 model 58 stepping 9, cmov, cx8, fxsr, mmx, sse, sse2, sse3, ssse3, sse4.1, sse4.2, popcnt, avx, aes, erms, ht, tsc, tscinvbit, tscinv

Memory: 4k page, physical 8388608k(2097152k free)

/proc/meminfo:


vm_info: Java HotSpot(TM) 64-Bit Server VM (24.51-b03) for bsd-amd64 JRE (1.7.0_51-b13), built on Dec 18 2013 18:45:56 by "java_re" with gcc 4.2.1 (Based on Apple Inc. build 5658) (LLVM build 2336.11.00)

time: Wed May  7 15:42:59 2014
elapsed time: 6408 seconds

